2023-06-19 10:30:45.3018 INFO Start Get All Motorcycle
2023-06-19 10:30:45.4982 INFO Start: Get All Motorcycles
2023-06-19 10:30:46.7372 ERROR ERROR: The source IQueryable doesn't implement IDbAsyncEnumerable<MotorcycleManager.Domain.Models.MotorcycleEntity>. Only sources that implement IDbAsyncEnumerable can be used for Entity Framework asynchronous operations. For more details see http://go.microsoft.com/fwlink/?LinkId=287068.
2023-06-19 10:41:17.0775 INFO Start Create Motorcycle
2023-06-19 10:41:18.0095 ERROR ERROR: The provider for the source IQueryable doesn't implement IDbAsyncQueryProvider. Only providers that implement IDbAsyncQueryProvider can be used for Entity Framework asynchronous operations. For more details see http://go.microsoft.com/fwlink/?LinkId=287068.
2023-06-19 10:44:49.9342 INFO Start Create Motorcycle
2023-06-19 10:44:50.0789 ERROR ERROR: The provider for the source IQueryable doesn't implement IDbAsyncQueryProvider. Only providers that implement IDbAsyncQueryProvider can be used for Entity Framework asynchronous operations. For more details see http://go.microsoft.com/fwlink/?LinkId=287068.
2023-06-19 10:45:05.4578 INFO Start Create Motorcycle
2023-06-19 10:45:05.4843 ERROR ERROR: The provider for the source IQueryable doesn't implement IDbAsyncQueryProvider. Only providers that implement IDbAsyncQueryProvider can be used for Entity Framework asynchronous operations. For more details see http://go.microsoft.com/fwlink/?LinkId=287068.
2023-06-19 10:51:19.1133 INFO Start Get All Motorcycle
2023-06-19 10:51:19.1133 INFO Start: Get All Motorcycles
2023-06-19 10:51:19.1473 ERROR ERROR: The source IQueryable doesn't implement IDbAsyncEnumerable<MotorcycleManager.Domain.Models.MotorcycleEntity>. Only sources that implement IDbAsyncEnumerable can be used for Entity Framework asynchronous operations. For more details see http://go.microsoft.com/fwlink/?LinkId=287068.
2023-06-19 10:54:02.1376 INFO Start Get All Motorcycle
2023-06-19 10:54:02.1376 INFO Start: Get All Motorcycles
2023-06-19 10:54:02.3358 ERROR ERROR: The source IQueryable doesn't implement IDbAsyncEnumerable<MotorcycleManager.Domain.Models.MotorcycleEntity>. Only sources that implement IDbAsyncEnumerable can be used for Entity Framework asynchronous operations. For more details see http://go.microsoft.com/fwlink/?LinkId=287068.
2023-06-19 10:54:21.5334 INFO Start Create Motorcycle
2023-06-19 10:54:21.5713 ERROR ERROR: The provider for the source IQueryable doesn't implement IDbAsyncQueryProvider. Only providers that implement IDbAsyncQueryProvider can be used for Entity Framework asynchronous operations. For more details see http://go.microsoft.com/fwlink/?LinkId=287068.
2023-06-19 11:30:33.3676 INFO Start Get All Motorcycle
2023-06-19 11:30:33.5731 INFO Start: Get All Motorcycles
2023-06-19 11:30:35.1802 ERROR ERROR: The source IQueryable doesn't implement IDbAsyncEnumerable<MotorcycleManager.Domain.Models.MotorcycleEntity>. Only sources that implement IDbAsyncEnumerable can be used for Entity Framework asynchronous operations. For more details see http://go.microsoft.com/fwlink/?LinkId=287068.
2023-06-19 13:58:17.4880 INFO Start Get All Motorcycle
2023-06-19 13:58:17.8256 INFO Start: Get All Motorcycles
2023-06-19 13:58:20.9229 ERROR ERROR: The source IQueryable doesn't implement IDbAsyncEnumerable<MotorcycleManager.Domain.Models.MotorcycleEntity>. Only sources that implement IDbAsyncEnumerable can be used for Entity Framework asynchronous operations. For more details see http://go.microsoft.com/fwlink/?LinkId=287068.
2023-06-19 14:02:52.2582 INFO Start Get All Motorcycle
2023-06-19 14:02:52.2582 INFO Start: Get All Motorcycles
2023-06-19 14:02:52.4570 ERROR ERROR: The source IQueryable doesn't implement IDbAsyncEnumerable<MotorcycleManager.Domain.Models.MotorcycleEntity>. Only sources that implement IDbAsyncEnumerable can be used for Entity Framework asynchronous operations. For more details see http://go.microsoft.com/fwlink/?LinkId=287068.
2023-06-19 14:02:57.5785 INFO Start Get All Motorcycle
2023-06-19 14:02:57.5785 INFO Start: Get All Motorcycles
2023-06-19 14:02:58.0178 ERROR ERROR: The source IQueryable doesn't implement IDbAsyncEnumerable<MotorcycleManager.Domain.Models.MotorcycleEntity>. Only sources that implement IDbAsyncEnumerable can be used for Entity Framework asynchronous operations. For more details see http://go.microsoft.com/fwlink/?LinkId=287068.
2023-06-19 14:03:19.5581 INFO Start Create Motorcycle
2023-06-19 14:03:21.1896 ERROR ERROR: The provider for the source IQueryable doesn't implement IDbAsyncQueryProvider. Only providers that implement IDbAsyncQueryProvider can be used for Entity Framework asynchronous operations. For more details see http://go.microsoft.com/fwlink/?LinkId=287068.
2023-06-19 14:03:27.0408 INFO Start Create Motorcycle
2023-06-19 14:03:27.5933 ERROR ERROR: The provider for the source IQueryable doesn't implement IDbAsyncQueryProvider. Only providers that implement IDbAsyncQueryProvider can be used for Entity Framework asynchronous operations. For more details see http://go.microsoft.com/fwlink/?LinkId=287068.
2023-06-19 14:03:33.5454 INFO Start Create Motorcycle
2023-06-19 14:03:33.5715 ERROR ERROR: The provider for the source IQueryable doesn't implement IDbAsyncQueryProvider. Only providers that implement IDbAsyncQueryProvider can be used for Entity Framework asynchronous operations. For more details see http://go.microsoft.com/fwlink/?LinkId=287068.
2023-06-19 14:03:51.9393 INFO Start Get All Motorcycle
2023-06-19 14:03:51.9393 INFO Start: Get All Motorcycles
2023-06-19 14:03:52.4259 ERROR ERROR: The source IQueryable doesn't implement IDbAsyncEnumerable<MotorcycleManager.Domain.Models.MotorcycleEntity>. Only sources that implement IDbAsyncEnumerable can be used for Entity Framework asynchronous operations. For more details see http://go.microsoft.com/fwlink/?LinkId=287068.
2023-06-19 14:04:11.7877 INFO Start Get All Motorcycle
2023-06-19 14:04:11.7877 INFO Start: Get All Motorcycles
2023-06-19 14:04:13.3372 ERROR ERROR: The source IQueryable doesn't implement IDbAsyncEnumerable<MotorcycleManager.Domain.Models.MotorcycleEntity>. Only sources that implement IDbAsyncEnumerable can be used for Entity Framework asynchronous operations. For more details see http://go.microsoft.com/fwlink/?LinkId=287068.
2023-06-19 14:04:47.4228 INFO Start Create Motorcycle
2023-06-19 14:04:47.4558 ERROR ERROR: The provider for the source IQueryable doesn't implement IDbAsyncQueryProvider. Only providers that implement IDbAsyncQueryProvider can be used for Entity Framework asynchronous operations. For more details see http://go.microsoft.com/fwlink/?LinkId=287068.
2023-06-19 14:05:08.3862 INFO Start Create Motorcycle
2023-06-19 14:05:08.4210 ERROR ERROR: The provider for the source IQueryable doesn't implement IDbAsyncQueryProvider. Only providers that implement IDbAsyncQueryProvider can be used for Entity Framework asynchronous operations. For more details see http://go.microsoft.com/fwlink/?LinkId=287068.
2023-06-19 14:05:31.1683 INFO Start Create Motorcycle
2023-06-19 14:05:31.2037 ERROR ERROR: The provider for the source IQueryable doesn't implement IDbAsyncQueryProvider. Only providers that implement IDbAsyncQueryProvider can be used for Entity Framework asynchronous operations. For more details see http://go.microsoft.com/fwlink/?LinkId=287068.
2023-06-19 16:55:34.2915 INFO Start Get All Motorcycle
2023-06-19 16:55:34.9583 INFO Start: Get All Motorcycles
2023-06-19 16:55:38.2329 ERROR ERROR: The source IQueryable doesn't implement IDbAsyncEnumerable<MotorcycleManager.Domain.Models.MotorcycleEntity>. Only sources that implement IDbAsyncEnumerable can be used for Entity Framework asynchronous operations. For more details see http://go.microsoft.com/fwlink/?LinkId=287068.
2023-06-19 17:13:07.8265 INFO Start Get All Motorcycle
2023-06-19 17:13:07.9477 INFO Start: Get All Motorcycles
2023-06-19 17:13:08.7159 ERROR ERROR: The source IQueryable doesn't implement IDbAsyncEnumerable<MotorcycleManager.Domain.Models.MotorcycleEntity>. Only sources that implement IDbAsyncEnumerable can be used for Entity Framework asynchronous operations. For more details see http://go.microsoft.com/fwlink/?LinkId=287068.
2023-06-19 17:23:06.4735 INFO Start Get All Motorcycle
2023-06-19 17:23:06.7344 INFO Start: Get All Motorcycles
2023-06-19 17:23:07.4948 ERROR ERROR: The source IQueryable doesn't implement IDbAsyncEnumerable<MotorcycleManager.Domain.Models.MotorcycleEntity>. Only sources that implement IDbAsyncEnumerable can be used for Entity Framework asynchronous operations. For more details see http://go.microsoft.com/fwlink/?LinkId=287068.
2023-06-19 17:23:07.7023 ERROR Error in GetAllMotorcycles: No records in the database
2023-06-19 18:00:29.7942 INFO Start Get All Motorcycle
2023-06-19 18:07:32.2782 INFO Start Get All Motorcycle
2023-06-19 18:14:47.4014 INFO Start Get All Motorcycle
2023-06-19 18:14:47.8717 INFO Start: Get All Motorcycles
2023-06-19 18:14:52.1989 ERROR ERROR: The source IQueryable doesn't implement IDbAsyncEnumerable<MotorcycleManager.Domain.Models.MotorcycleEntity>. Only sources that implement IDbAsyncEnumerable can be used for Entity Framework asynchronous operations. For more details see http://go.microsoft.com/fwlink/?LinkId=287068.
2023-06-19 18:14:53.2056 ERROR Error in GetAllMotorcycles: No records in the database
2023-06-19 18:18:27.2089 INFO Start Get All Motorcycle
2023-06-19 18:18:27.2544 INFO Start: Get All Motorcycles
2023-06-19 18:18:27.3018 ERROR ERROR: The source IQueryable doesn't implement IDbAsyncEnumerable<MotorcycleManager.Domain.Models.MotorcycleEntity>. Only sources that implement IDbAsyncEnumerable can be used for Entity Framework asynchronous operations. For more details see http://go.microsoft.com/fwlink/?LinkId=287068.
2023-06-19 18:18:27.3762 ERROR Error in GetAllMotorcycles: No records in the database
